2025-05-12 17:24:03,005 (xlit_task:132)  INFO: Data Information:
2025-05-12 17:24:03,007 (xlit_task:133)  INFO: Batch size: 32
2025-05-12 17:24:03,007 (xlit_task:134)  INFO: [Training] Data size: 44098 to 1379 batches
2025-05-12 17:24:03,008 (xlit_task:137)  INFO: [Validation] Data size: 14699 to 460 batches
2025-05-12 17:24:03,009 (xlit_task:140)  INFO: Token information
2025-05-12 17:24:03,010 (xlit_task:141)  INFO: [ben] Tokenizer loaded with 64 tokens.
2025-05-12 17:24:03,010 (xlit_task:144)  INFO: [mni] Tokenizer loaded with 47 tokens.
2025-05-12 17:24:03,011 (xlit_task:150)  INFO: Model information:
AttnSeq2Seq(
  (encoder): Encoder(
    (embedding): Embedding(64, 128)
    (rnn): LSTM(128, 128, num_layers=2, batch_first=True, dropout=0.25)
    (dropout): Dropout(p=0.25, inplace=False)
  )
  (decoder): Decoder(
    (embedding): Embedding(47, 128)
    (rnn): LSTM(256, 128, num_layers=2, batch_first=True, dropout=0.25)
    (fc_out): Linear(in_features=256, out_features=47, bias=True)
    (dropout): Dropout(p=0.25, inplace=False)
    (attention): Attention(
      (attn): Linear(in_features=256, out_features=128, bias=True)
      (v): Linear(in_features=128, out_features=1, bias=False)
    )
  )
)
2025-05-12 17:24:03,012 (xlit_task:151)  INFO: Total trainable parameters: 653231
2025-05-12 17:24:03,013 (xlit_task:152)  INFO: Experiment directory: exp/xlit_train_attention_char_ben_mni
2025-05-12 17:24:03,013 (xlit_task:153)  INFO: Optimizer: Adam
2025-05-12 17:24:03,014 (xlit_task:154)  INFO: Loss criterion: CrossEntropyLoss
2025-05-12 17:24:03,015 (xlit_task:185)  INFO: Started training attention model on [cuda]
2025-05-12 17:24:03,015 (xlit_task:190)  INFO: Epoch 1/50
2025-05-12 17:29:27,697 (xlit_task:200)  INFO: Train Loss: 0.1843
2025-05-12 17:29:58,726 (xlit_task:227)  INFO: Saved best word accuracy predictions at epoch 1.
2025-05-12 17:29:58,728 (xlit_task:238)  INFO: Val Loss: 0.0262, CER: 0.0748, Word Accuracy: 0.6381
2025-05-12 17:29:58,729 (xlit_task:249)  INFO: Epoch 1 duration: 355.71 sec | ETA: 04:50:29
2025-05-12 17:29:58,735 (save:32)  INFO: Saved best training loss model at epoch 1.
2025-05-12 17:29:58,742 (save:38)  INFO: Saved best validation loss model at epoch 1.
2025-05-12 17:29:58,747 (save:44)  INFO: Saved best word accuracy model at epoch 1.
2025-05-12 17:29:58,753 (save:48)  INFO: Saved latest model at epoch 1.
2025-05-12 17:29:59,962 (xlit_task:274)  INFO: Saved [loss, wa, cer] curves at exp/xlit_train_attention_char_ben_mni/images
2025-05-12 17:29:59,963 (xlit_task:190)  INFO: Epoch 2/50
2025-05-12 17:35:23,817 (xlit_task:200)  INFO: Train Loss: 0.0224
2025-05-12 17:35:53,829 (xlit_task:227)  INFO: Saved best word accuracy predictions at epoch 2.
2025-05-12 17:35:53,831 (xlit_task:238)  INFO: Val Loss: 0.0121, CER: 0.0369, Word Accuracy: 0.7938
2025-05-12 17:35:53,832 (xlit_task:249)  INFO: Epoch 2 duration: 353.87 sec | ETA: 04:43:05
2025-05-12 17:35:53,839 (save:32)  INFO: Saved best training loss model at epoch 2.
2025-05-12 17:35:53,846 (save:38)  INFO: Saved best validation loss model at epoch 2.
2025-05-12 17:35:53,853 (save:44)  INFO: Saved best word accuracy model at epoch 2.
2025-05-12 17:35:53,859 (save:48)  INFO: Saved latest model at epoch 2.
2025-05-12 17:35:55,083 (xlit_task:274)  INFO: Saved [loss, wa, cer] curves at exp/xlit_train_attention_char_ben_mni/images
2025-05-12 17:35:55,084 (xlit_task:190)  INFO: Epoch 3/50
2025-05-12 17:41:16,035 (xlit_task:200)  INFO: Train Loss: 0.0129
2025-05-12 17:41:46,541 (xlit_task:227)  INFO: Saved best word accuracy predictions at epoch 3.
2025-05-12 17:41:46,543 (xlit_task:238)  INFO: Val Loss: 0.0087, CER: 0.0245, Word Accuracy: 0.8655
2025-05-12 17:41:46,544 (xlit_task:249)  INFO: Epoch 3 duration: 351.46 sec | ETA: 04:35:18
2025-05-12 17:41:46,551 (save:32)  INFO: Saved best training loss model at epoch 3.
2025-05-12 17:41:46,558 (save:38)  INFO: Saved best validation loss model at epoch 3.
2025-05-12 17:41:46,564 (save:44)  INFO: Saved best word accuracy model at epoch 3.
2025-05-12 17:41:46,570 (save:48)  INFO: Saved latest model at epoch 3.
2025-05-12 17:41:47,830 (xlit_task:274)  INFO: Saved [loss, wa, cer] curves at exp/xlit_train_attention_char_ben_mni/images
2025-05-12 17:41:47,831 (xlit_task:190)  INFO: Epoch 4/50
2025-05-12 17:47:06,176 (xlit_task:200)  INFO: Train Loss: 0.0097
2025-05-12 17:47:37,360 (xlit_task:227)  INFO: Saved best word accuracy predictions at epoch 4.
2025-05-12 17:47:37,361 (xlit_task:238)  INFO: Val Loss: 0.0067, CER: 0.0186, Word Accuracy: 0.8948
2025-05-12 17:47:37,362 (xlit_task:249)  INFO: Epoch 4 duration: 349.53 sec | ETA: 04:27:58
2025-05-12 17:47:37,371 (save:32)  INFO: Saved best training loss model at epoch 4.
2025-05-12 17:47:37,378 (save:38)  INFO: Saved best validation loss model at epoch 4.
2025-05-12 17:47:37,384 (save:44)  INFO: Saved best word accuracy model at epoch 4.
2025-05-12 17:47:37,391 (save:48)  INFO: Saved latest model at epoch 4.
2025-05-12 17:47:38,684 (xlit_task:274)  INFO: Saved [loss, wa, cer] curves at exp/xlit_train_attention_char_ben_mni/images
2025-05-12 17:47:38,685 (xlit_task:190)  INFO: Epoch 5/50
2025-05-12 17:52:54,240 (xlit_task:200)  INFO: Train Loss: 0.0077
2025-05-12 17:53:24,819 (xlit_task:227)  INFO: Saved best word accuracy predictions at epoch 5.
2025-05-12 17:53:24,820 (xlit_task:238)  INFO: Val Loss: 0.0064, CER: 0.0154, Word Accuracy: 0.9110
2025-05-12 17:53:24,821 (xlit_task:249)  INFO: Epoch 5 duration: 346.14 sec | ETA: 04:19:36
2025-05-12 17:53:24,829 (save:32)  INFO: Saved best training loss model at epoch 5.
2025-05-12 17:53:24,836 (save:38)  INFO: Saved best validation loss model at epoch 5.
2025-05-12 17:53:24,842 (save:44)  INFO: Saved best word accuracy model at epoch 5.
2025-05-12 17:53:24,848 (save:48)  INFO: Saved latest model at epoch 5.
2025-05-12 17:53:26,145 (xlit_task:274)  INFO: Saved [loss, wa, cer] curves at exp/xlit_train_attention_char_ben_mni/images
2025-05-12 17:53:26,146 (xlit_task:190)  INFO: Epoch 6/50
2025-05-12 17:58:43,685 (xlit_task:200)  INFO: Train Loss: 0.0069
2025-05-12 17:59:14,500 (xlit_task:227)  INFO: Saved best word accuracy predictions at epoch 6.
2025-05-12 17:59:14,501 (xlit_task:238)  INFO: Val Loss: 0.0055, CER: 0.0138, Word Accuracy: 0.9217
2025-05-12 17:59:14,503 (xlit_task:249)  INFO: Epoch 6 duration: 348.36 sec | ETA: 04:15:27
2025-05-12 17:59:14,509 (save:32)  INFO: Saved best training loss model at epoch 6.
2025-05-12 17:59:14,516 (save:38)  INFO: Saved best validation loss model at epoch 6.
2025-05-12 17:59:14,522 (save:44)  INFO: Saved best word accuracy model at epoch 6.
2025-05-12 17:59:14,528 (save:48)  INFO: Saved latest model at epoch 6.
2025-05-12 17:59:14,531 (save:73)  INFO: Removed evicted model from epoch 1.
2025-05-12 17:59:15,775 (xlit_task:274)  INFO: Saved [loss, wa, cer] curves at exp/xlit_train_attention_char_ben_mni/images
2025-05-12 17:59:15,776 (xlit_task:190)  INFO: Epoch 7/50
2025-05-12 18:04:40,197 (xlit_task:200)  INFO: Train Loss: 0.0062
2025-05-12 18:05:11,320 (xlit_task:227)  INFO: Saved best word accuracy predictions at epoch 7.
2025-05-12 18:05:11,321 (xlit_task:238)  INFO: Val Loss: 0.0051, CER: 0.0123, Word Accuracy: 0.9279
2025-05-12 18:05:11,322 (xlit_task:249)  INFO: Epoch 7 duration: 355.55 sec | ETA: 04:14:48
2025-05-12 18:05:11,329 (save:32)  INFO: Saved best training loss model at epoch 7.
2025-05-12 18:05:11,336 (save:38)  INFO: Saved best validation loss model at epoch 7.
2025-05-12 18:05:11,342 (save:44)  INFO: Saved best word accuracy model at epoch 7.
2025-05-12 18:05:11,349 (save:48)  INFO: Saved latest model at epoch 7.
2025-05-12 18:05:11,352 (save:73)  INFO: Removed evicted model from epoch 2.
2025-05-12 18:05:12,619 (xlit_task:274)  INFO: Saved [loss, wa, cer] curves at exp/xlit_train_attention_char_ben_mni/images
2025-05-12 18:05:12,621 (xlit_task:190)  INFO: Epoch 8/50
2025-05-12 18:10:34,405 (xlit_task:200)  INFO: Train Loss: 0.0056
2025-05-12 18:11:05,366 (xlit_task:238)  INFO: Val Loss: 0.0083, CER: 0.0194, Word Accuracy: 0.8980
2025-05-12 18:11:05,368 (xlit_task:249)  INFO: Epoch 8 duration: 352.75 sec | ETA: 04:06:55
2025-05-12 18:11:05,377 (save:32)  INFO: Saved best training loss model at epoch 8.
2025-05-12 18:11:05,383 (save:48)  INFO: Saved latest model at epoch 8.
2025-05-12 18:11:05,386 (save:73)  INFO: Removed evicted model from epoch 3.
2025-05-12 18:11:06,743 (xlit_task:274)  INFO: Saved [loss, wa, cer] curves at exp/xlit_train_attention_char_ben_mni/images
2025-05-12 18:11:06,744 (xlit_task:190)  INFO: Epoch 9/50
2025-05-12 18:16:29,511 (xlit_task:200)  INFO: Train Loss: 0.0052
2025-05-12 18:17:01,296 (xlit_task:227)  INFO: Saved best word accuracy predictions at epoch 9.
2025-05-12 18:17:01,297 (xlit_task:238)  INFO: Val Loss: 0.0048, CER: 0.0118, Word Accuracy: 0.9321
2025-05-12 18:17:01,298 (xlit_task:249)  INFO: Epoch 9 duration: 354.55 sec | ETA: 04:02:16
2025-05-12 18:17:01,306 (save:32)  INFO: Saved best training loss model at epoch 9.
2025-05-12 18:17:01,312 (save:38)  INFO: Saved best validation loss model at epoch 9.
2025-05-12 18:17:01,319 (save:44)  INFO: Saved best word accuracy model at epoch 9.
2025-05-12 18:17:01,326 (save:48)  INFO: Saved latest model at epoch 9.
2025-05-12 18:17:01,329 (save:73)  INFO: Removed evicted model from epoch 8.
2025-05-12 18:17:02,655 (xlit_task:274)  INFO: Saved [loss, wa, cer] curves at exp/xlit_train_attention_char_ben_mni/images
2025-05-12 18:17:02,656 (xlit_task:190)  INFO: Epoch 10/50
2025-05-12 18:22:13,746 (xlit_task:200)  INFO: Train Loss: 0.0047
2025-05-12 18:22:45,668 (xlit_task:227)  INFO: Saved best word accuracy predictions at epoch 10.
2025-05-12 18:22:45,670 (xlit_task:238)  INFO: Val Loss: 0.0048, CER: 0.0110, Word Accuracy: 0.9347
2025-05-12 18:22:45,671 (xlit_task:249)  INFO: Epoch 10 duration: 343.01 sec | ETA: 03:48:40
2025-05-12 18:22:45,678 (save:32)  INFO: Saved best training loss model at epoch 10.
2025-05-12 18:22:45,685 (save:44)  INFO: Saved best word accuracy model at epoch 10.
2025-05-12 18:22:45,691 (save:48)  INFO: Saved latest model at epoch 10.
2025-05-12 18:22:45,694 (save:73)  INFO: Removed evicted model from epoch 4.
2025-05-12 18:22:46,905 (xlit_task:274)  INFO: Saved [loss, wa, cer] curves at exp/xlit_train_attention_char_ben_mni/images
2025-05-12 18:22:46,906 (xlit_task:190)  INFO: Epoch 11/50
2025-05-12 18:27:43,078 (xlit_task:200)  INFO: Train Loss: 0.0046
2025-05-12 18:28:16,073 (xlit_task:238)  INFO: Val Loss: 0.0048, CER: 0.0117, Word Accuracy: 0.9325
2025-05-12 18:28:16,075 (xlit_task:249)  INFO: Epoch 11 duration: 329.17 sec | ETA: 03:33:57
2025-05-12 18:28:16,084 (save:32)  INFO: Saved best training loss model at epoch 11.
2025-05-12 18:28:16,091 (save:48)  INFO: Saved latest model at epoch 11.
2025-05-12 18:28:16,094 (save:73)  INFO: Removed evicted model from epoch 5.
2025-05-12 18:28:17,487 (xlit_task:274)  INFO: Saved [loss, wa, cer] curves at exp/xlit_train_attention_char_ben_mni/images
2025-05-12 18:28:17,488 (xlit_task:190)  INFO: Epoch 12/50
2025-05-12 18:33:14,414 (xlit_task:200)  INFO: Train Loss: 0.0044
2025-05-12 18:33:46,622 (xlit_task:238)  INFO: Val Loss: 0.0053, CER: 0.0122, Word Accuracy: 0.9316
2025-05-12 18:33:46,624 (xlit_task:249)  INFO: Epoch 12 duration: 329.14 sec | ETA: 03:28:27
2025-05-12 18:33:46,631 (save:32)  INFO: Saved best training loss model at epoch 12.
2025-05-12 18:33:46,637 (save:48)  INFO: Saved latest model at epoch 12.
2025-05-12 18:33:46,640 (save:73)  INFO: Removed evicted model from epoch 6.
2025-05-12 18:33:47,867 (xlit_task:274)  INFO: Saved [loss, wa, cer] curves at exp/xlit_train_attention_char_ben_mni/images
2025-05-12 18:33:47,869 (xlit_task:190)  INFO: Epoch 13/50
2025-05-12 18:38:42,667 (xlit_task:200)  INFO: Train Loss: 0.0040
2025-05-12 18:39:14,681 (xlit_task:227)  INFO: Saved best word accuracy predictions at epoch 13.
2025-05-12 18:39:14,683 (xlit_task:238)  INFO: Val Loss: 0.0045, CER: 0.0104, Word Accuracy: 0.9384
2025-05-12 18:39:14,684 (xlit_task:249)  INFO: Epoch 13 duration: 326.82 sec | ETA: 03:21:32
2025-05-12 18:39:14,692 (save:32)  INFO: Saved best training loss model at epoch 13.
2025-05-12 18:39:14,698 (save:38)  INFO: Saved best validation loss model at epoch 13.
2025-05-12 18:39:14,704 (save:44)  INFO: Saved best word accuracy model at epoch 13.
2025-05-12 18:39:14,710 (save:48)  INFO: Saved latest model at epoch 13.
2025-05-12 18:39:14,713 (save:73)  INFO: Removed evicted model from epoch 12.
2025-05-12 18:39:15,960 (xlit_task:274)  INFO: Saved [loss, wa, cer] curves at exp/xlit_train_attention_char_ben_mni/images
2025-05-12 18:39:15,961 (xlit_task:190)  INFO: Epoch 14/50
2025-05-12 18:44:14,868 (xlit_task:200)  INFO: Train Loss: 0.0039
2025-05-12 18:44:47,026 (xlit_task:227)  INFO: Saved best word accuracy predictions at epoch 14.
2025-05-12 18:44:47,027 (xlit_task:238)  INFO: Val Loss: 0.0040, CER: 0.0098, Word Accuracy: 0.9431
2025-05-12 18:44:47,028 (xlit_task:249)  INFO: Epoch 14 duration: 331.07 sec | ETA: 03:18:38
2025-05-12 18:44:47,036 (save:32)  INFO: Saved best training loss model at epoch 14.
2025-05-12 18:44:47,042 (save:38)  INFO: Saved best validation loss model at epoch 14.
2025-05-12 18:44:47,048 (save:44)  INFO: Saved best word accuracy model at epoch 14.
2025-05-12 18:44:47,055 (save:48)  INFO: Saved latest model at epoch 14.
2025-05-12 18:44:47,058 (save:73)  INFO: Removed evicted model from epoch 7.
2025-05-12 18:44:48,242 (xlit_task:274)  INFO: Saved [loss, wa, cer] curves at exp/xlit_train_attention_char_ben_mni/images
2025-05-12 18:44:48,243 (xlit_task:190)  INFO: Epoch 15/50
2025-05-12 18:49:45,834 (xlit_task:200)  INFO: Train Loss: 0.0036
2025-05-12 18:50:17,913 (xlit_task:238)  INFO: Val Loss: 0.0041, CER: 0.0100, Word Accuracy: 0.9405
2025-05-12 18:50:17,914 (xlit_task:249)  INFO: Epoch 15 duration: 329.67 sec | ETA: 03:12:18
2025-05-12 18:50:17,921 (save:32)  INFO: Saved best training loss model at epoch 15.
2025-05-12 18:50:17,928 (save:48)  INFO: Saved latest model at epoch 15.
2025-05-12 18:50:17,931 (save:73)  INFO: Removed evicted model from epoch 10.
2025-05-12 18:50:19,119 (xlit_task:274)  INFO: Saved [loss, wa, cer] curves at exp/xlit_train_attention_char_ben_mni/images
2025-05-12 18:50:19,120 (xlit_task:190)  INFO: Epoch 16/50
2025-05-12 18:55:23,679 (xlit_task:200)  INFO: Train Loss: 0.0035
2025-05-12 18:55:55,803 (xlit_task:238)  INFO: Val Loss: 0.0044, CER: 0.0107, Word Accuracy: 0.9386
2025-05-12 18:55:55,804 (xlit_task:249)  INFO: Epoch 16 duration: 336.68 sec | ETA: 03:10:47
2025-05-12 18:55:55,812 (save:32)  INFO: Saved best training loss model at epoch 16.
2025-05-12 18:55:55,818 (save:48)  INFO: Saved latest model at epoch 16.
2025-05-12 18:55:55,821 (save:73)  INFO: Removed evicted model from epoch 11.
2025-05-12 18:55:57,066 (xlit_task:274)  INFO: Saved [loss, wa, cer] curves at exp/xlit_train_attention_char_ben_mni/images
2025-05-12 18:55:57,067 (xlit_task:190)  INFO: Epoch 17/50
2025-05-12 19:00:54,092 (xlit_task:200)  INFO: Train Loss: 0.0034
2025-05-12 19:01:26,140 (xlit_task:238)  INFO: Val Loss: 0.0053, CER: 0.0125, Word Accuracy: 0.9333
2025-05-12 19:01:26,142 (xlit_task:249)  INFO: Epoch 17 duration: 329.07 sec | ETA: 03:00:59
2025-05-12 19:01:26,150 (save:32)  INFO: Saved best training loss model at epoch 17.
2025-05-12 19:01:26,157 (save:48)  INFO: Saved latest model at epoch 17.
2025-05-12 19:01:27,425 (xlit_task:274)  INFO: Saved [loss, wa, cer] curves at exp/xlit_train_attention_char_ben_mni/images
2025-05-12 19:01:27,426 (xlit_task:190)  INFO: Epoch 18/50
2025-05-12 19:06:26,798 (xlit_task:200)  INFO: Train Loss: 0.0033
2025-05-12 19:06:58,956 (xlit_task:227)  INFO: Saved best word accuracy predictions at epoch 18.
2025-05-12 19:06:58,957 (xlit_task:238)  INFO: Val Loss: 0.0040, CER: 0.0094, Word Accuracy: 0.9447
2025-05-12 19:06:58,959 (xlit_task:249)  INFO: Epoch 18 duration: 331.53 sec | ETA: 02:56:49
2025-05-12 19:06:58,966 (save:32)  INFO: Saved best training loss model at epoch 18.
2025-05-12 19:06:58,973 (save:38)  INFO: Saved best validation loss model at epoch 18.
2025-05-12 19:06:58,980 (save:44)  INFO: Saved best word accuracy model at epoch 18.
2025-05-12 19:06:58,986 (save:48)  INFO: Saved latest model at epoch 18.
2025-05-12 19:06:58,989 (save:73)  INFO: Removed evicted model from epoch 9.
2025-05-12 19:07:00,264 (xlit_task:274)  INFO: Saved [loss, wa, cer] curves at exp/xlit_train_attention_char_ben_mni/images
2025-05-12 19:07:00,265 (xlit_task:190)  INFO: Epoch 19/50
2025-05-12 19:11:58,628 (xlit_task:200)  INFO: Train Loss: 0.0031
2025-05-12 19:12:31,146 (xlit_task:238)  INFO: Val Loss: 0.0043, CER: 0.0101, Word Accuracy: 0.9403
2025-05-12 19:12:31,148 (xlit_task:249)  INFO: Epoch 19 duration: 330.88 sec | ETA: 02:50:57
2025-05-12 19:12:31,156 (save:32)  INFO: Saved best training loss model at epoch 19.
2025-05-12 19:12:31,162 (save:48)  INFO: Saved latest model at epoch 19.
2025-05-12 19:12:31,166 (save:73)  INFO: Removed evicted model from epoch 13.
2025-05-12 19:12:32,624 (xlit_task:274)  INFO: Saved [loss, wa, cer] curves at exp/xlit_train_attention_char_ben_mni/images
2025-05-12 19:12:32,626 (xlit_task:190)  INFO: Epoch 20/50
2025-05-12 19:17:28,086 (xlit_task:200)  INFO: Train Loss: 0.0031
2025-05-12 19:17:59,767 (xlit_task:227)  INFO: Saved best word accuracy predictions at epoch 20.
2025-05-12 19:17:59,769 (xlit_task:238)  INFO: Val Loss: 0.0039, CER: 0.0092, Word Accuracy: 0.9458
2025-05-12 19:17:59,770 (xlit_task:249)  INFO: Epoch 20 duration: 327.14 sec | ETA: 02:43:34
2025-05-12 19:17:59,776 (save:32)  INFO: Saved best training loss model at epoch 20.
2025-05-12 19:17:59,783 (save:38)  INFO: Saved best validation loss model at epoch 20.
2025-05-12 19:17:59,789 (save:44)  INFO: Saved best word accuracy model at epoch 20.
2025-05-12 19:17:59,795 (save:48)  INFO: Saved latest model at epoch 20.
2025-05-12 19:17:59,799 (save:73)  INFO: Removed evicted model from epoch 16.
2025-05-12 19:18:01,055 (xlit_task:274)  INFO: Saved [loss, wa, cer] curves at exp/xlit_train_attention_char_ben_mni/images
2025-05-12 19:18:01,056 (xlit_task:190)  INFO: Epoch 21/50
2025-05-12 19:22:58,868 (xlit_task:200)  INFO: Train Loss: 0.0031
2025-05-12 19:23:30,672 (xlit_task:238)  INFO: Val Loss: 0.0038, CER: 0.0096, Word Accuracy: 0.9437
2025-05-12 19:23:30,674 (xlit_task:249)  INFO: Epoch 21 duration: 329.62 sec | ETA: 02:39:18
2025-05-12 19:23:30,681 (save:38)  INFO: Saved best validation loss model at epoch 21.
2025-05-12 19:23:30,688 (save:48)  INFO: Saved latest model at epoch 21.
2025-05-12 19:23:30,691 (save:73)  INFO: Removed evicted model from epoch 19.
2025-05-12 19:23:31,906 (xlit_task:274)  INFO: Saved [loss, wa, cer] curves at exp/xlit_train_attention_char_ben_mni/images
2025-05-12 19:23:31,907 (xlit_task:190)  INFO: Epoch 22/50
2025-05-12 19:28:30,398 (xlit_task:200)  INFO: Train Loss: 0.0028
2025-05-12 19:29:02,963 (xlit_task:238)  INFO: Val Loss: 0.0043, CER: 0.0097, Word Accuracy: 0.9438
2025-05-12 19:29:02,965 (xlit_task:249)  INFO: Epoch 22 duration: 331.06 sec | ETA: 02:34:29
2025-05-12 19:29:02,972 (save:32)  INFO: Saved best training loss model at epoch 22.
2025-05-12 19:29:02,978 (save:48)  INFO: Saved latest model at epoch 22.
2025-05-12 19:29:04,120 (xlit_task:274)  INFO: Saved [loss, wa, cer] curves at exp/xlit_train_attention_char_ben_mni/images
2025-05-12 19:29:04,121 (xlit_task:190)  INFO: Epoch 23/50
2025-05-12 19:33:57,817 (xlit_task:200)  INFO: Train Loss: 0.0028
2025-05-12 19:34:29,523 (xlit_task:238)  INFO: Val Loss: 0.0040, CER: 0.0093, Word Accuracy: 0.9447
2025-05-12 19:34:29,525 (xlit_task:249)  INFO: Epoch 23 duration: 325.40 sec | ETA: 02:26:25
2025-05-12 19:34:29,532 (save:48)  INFO: Saved latest model at epoch 23.
2025-05-12 19:34:29,535 (save:73)  INFO: Removed evicted model from epoch 15.
2025-05-12 19:34:30,749 (xlit_task:274)  INFO: Saved [loss, wa, cer] curves at exp/xlit_train_attention_char_ben_mni/images
2025-05-12 19:34:30,750 (xlit_task:190)  INFO: Epoch 24/50
2025-05-12 19:39:29,711 (xlit_task:200)  INFO: Train Loss: 0.0026
2025-05-12 19:40:01,556 (xlit_task:227)  INFO: Saved best word accuracy predictions at epoch 24.
2025-05-12 19:40:01,557 (xlit_task:238)  INFO: Val Loss: 0.0042, CER: 0.0090, Word Accuracy: 0.9473
2025-05-12 19:40:01,559 (xlit_task:249)  INFO: Epoch 24 duration: 330.81 sec | ETA: 02:23:21
2025-05-12 19:40:01,566 (save:32)  INFO: Saved best training loss model at epoch 24.
2025-05-12 19:40:01,572 (save:44)  INFO: Saved best word accuracy model at epoch 24.
2025-05-12 19:40:01,578 (save:48)  INFO: Saved latest model at epoch 24.
2025-05-12 19:40:02,789 (xlit_task:274)  INFO: Saved [loss, wa, cer] curves at exp/xlit_train_attention_char_ben_mni/images
2025-05-12 19:40:02,791 (xlit_task:190)  INFO: Epoch 25/50
2025-05-12 19:45:10,639 (xlit_task:200)  INFO: Train Loss: 0.0026
2025-05-12 19:45:42,597 (xlit_task:238)  INFO: Val Loss: 0.0041, CER: 0.0094, Word Accuracy: 0.9473
2025-05-12 19:45:42,598 (xlit_task:249)  INFO: Epoch 25 duration: 339.81 sec | ETA: 02:21:35
2025-05-12 19:45:42,606 (save:48)  INFO: Saved latest model at epoch 25.
2025-05-12 19:45:43,830 (xlit_task:274)  INFO: Saved [loss, wa, cer] curves at exp/xlit_train_attention_char_ben_mni/images
2025-05-12 19:45:43,832 (xlit_task:190)  INFO: Epoch 26/50
2025-05-12 19:50:50,605 (xlit_task:200)  INFO: Train Loss: 0.0026
2025-05-12 19:51:22,761 (xlit_task:238)  INFO: Val Loss: 0.0043, CER: 0.0095, Word Accuracy: 0.9453
2025-05-12 19:51:22,763 (xlit_task:249)  INFO: Epoch 26 duration: 338.93 sec | ETA: 02:15:34
2025-05-12 19:51:22,771 (save:32)  INFO: Saved best training loss model at epoch 26.
2025-05-12 19:51:22,778 (save:48)  INFO: Saved latest model at epoch 26.
2025-05-12 19:51:24,010 (xlit_task:274)  INFO: Saved [loss, wa, cer] curves at exp/xlit_train_attention_char_ben_mni/images
2025-05-12 19:51:24,011 (xlit_task:190)  INFO: Epoch 27/50
2025-05-12 19:56:24,755 (xlit_task:200)  INFO: Train Loss: 0.0025
2025-05-12 19:56:56,547 (xlit_task:238)  INFO: Val Loss: 0.0038, CER: 0.0090, Word Accuracy: 0.9464
2025-05-12 19:56:56,548 (xlit_task:249)  INFO: Epoch 27 duration: 332.54 sec | ETA: 02:07:28
2025-05-12 19:56:56,556 (save:32)  INFO: Saved best training loss model at epoch 27.
2025-05-12 19:56:56,562 (save:38)  INFO: Saved best validation loss model at epoch 27.
2025-05-12 19:56:56,569 (save:48)  INFO: Saved latest model at epoch 27.
2025-05-12 19:56:56,572 (save:73)  INFO: Removed evicted model from epoch 23.
2025-05-12 19:56:57,794 (xlit_task:274)  INFO: Saved [loss, wa, cer] curves at exp/xlit_train_attention_char_ben_mni/images
2025-05-12 19:56:57,795 (xlit_task:190)  INFO: Epoch 28/50
2025-05-12 20:01:54,313 (xlit_task:200)  INFO: Train Loss: 0.0024
2025-05-12 20:02:26,261 (xlit_task:238)  INFO: Val Loss: 0.0041, CER: 0.0091, Word Accuracy: 0.9460
2025-05-12 20:02:26,262 (xlit_task:249)  INFO: Epoch 28 duration: 328.47 sec | ETA: 02:00:26
2025-05-12 20:02:26,269 (save:32)  INFO: Saved best training loss model at epoch 28.
2025-05-12 20:02:26,275 (save:48)  INFO: Saved latest model at epoch 28.
2025-05-12 20:02:27,438 (xlit_task:274)  INFO: Saved [loss, wa, cer] curves at exp/xlit_train_attention_char_ben_mni/images
2025-05-12 20:02:27,439 (xlit_task:190)  INFO: Epoch 29/50
2025-05-12 20:07:26,019 (xlit_task:200)  INFO: Train Loss: 0.0023
2025-05-12 20:07:57,941 (xlit_task:238)  INFO: Val Loss: 0.0040, CER: 0.0093, Word Accuracy: 0.9460
2025-05-12 20:07:57,942 (xlit_task:249)  INFO: Epoch 29 duration: 330.50 sec | ETA: 01:55:40
2025-05-12 20:07:57,950 (save:32)  INFO: Saved best training loss model at epoch 29.
2025-05-12 20:07:57,956 (save:48)  INFO: Saved latest model at epoch 29.
2025-05-12 20:07:57,960 (save:73)  INFO: Removed evicted model from epoch 14.
2025-05-12 20:07:59,131 (xlit_task:274)  INFO: Saved [loss, wa, cer] curves at exp/xlit_train_attention_char_ben_mni/images
2025-05-12 20:07:59,132 (xlit_task:190)  INFO: Epoch 30/50
2025-05-12 20:13:01,595 (xlit_task:200)  INFO: Train Loss: 0.0024
2025-05-12 20:13:33,495 (xlit_task:227)  INFO: Saved best word accuracy predictions at epoch 30.
2025-05-12 20:13:33,497 (xlit_task:238)  INFO: Val Loss: 0.0041, CER: 0.0087, Word Accuracy: 0.9480
2025-05-12 20:13:33,498 (xlit_task:249)  INFO: Epoch 30 duration: 334.37 sec | ETA: 01:51:27
2025-05-12 20:13:33,505 (save:44)  INFO: Saved best word accuracy model at epoch 30.
2025-05-12 20:13:33,511 (save:48)  INFO: Saved latest model at epoch 30.
2025-05-12 20:13:34,707 (xlit_task:274)  INFO: Saved [loss, wa, cer] curves at exp/xlit_train_attention_char_ben_mni/images
2025-05-12 20:13:34,708 (xlit_task:190)  INFO: Epoch 31/50
2025-05-12 20:18:34,561 (xlit_task:200)  INFO: Train Loss: 0.0022
2025-05-12 20:19:06,907 (xlit_task:238)  INFO: Val Loss: 0.0040, CER: 0.0091, Word Accuracy: 0.9466
2025-05-12 20:19:06,909 (xlit_task:249)  INFO: Epoch 31 duration: 332.20 sec | ETA: 01:45:11
2025-05-12 20:19:06,918 (save:32)  INFO: Saved best training loss model at epoch 31.
2025-05-12 20:19:06,924 (save:48)  INFO: Saved latest model at epoch 31.
2025-05-12 20:19:08,166 (xlit_task:274)  INFO: Saved [loss, wa, cer] curves at exp/xlit_train_attention_char_ben_mni/images
2025-05-12 20:19:08,167 (xlit_task:190)  INFO: Epoch 32/50
2025-05-12 20:24:05,748 (xlit_task:200)  INFO: Train Loss: 0.0023
2025-05-12 20:24:37,378 (xlit_task:238)  INFO: Val Loss: 0.0043, CER: 0.0092, Word Accuracy: 0.9461
2025-05-12 20:24:37,380 (xlit_task:249)  INFO: Epoch 32 duration: 329.21 sec | ETA: 01:38:45
2025-05-12 20:24:37,387 (save:48)  INFO: Saved latest model at epoch 32.
2025-05-12 20:24:38,627 (xlit_task:274)  INFO: Saved [loss, wa, cer] curves at exp/xlit_train_attention_char_ben_mni/images
2025-05-12 20:24:38,629 (xlit_task:190)  INFO: Epoch 33/50
2025-05-12 20:29:35,049 (xlit_task:200)  INFO: Train Loss: 0.0023
2025-05-12 20:30:07,112 (xlit_task:227)  INFO: Saved best word accuracy predictions at epoch 33.
2025-05-12 20:30:07,113 (xlit_task:238)  INFO: Val Loss: 0.0038, CER: 0.0087, Word Accuracy: 0.9492
2025-05-12 20:30:07,114 (xlit_task:249)  INFO: Epoch 33 duration: 328.49 sec | ETA: 01:33:04
2025-05-12 20:30:07,120 (save:44)  INFO: Saved best word accuracy model at epoch 33.
2025-05-12 20:30:07,133 (save:48)  INFO: Saved latest model at epoch 33.
2025-05-12 20:30:07,136 (save:73)  INFO: Removed evicted model from epoch 18.
2025-05-12 20:30:08,376 (xlit_task:274)  INFO: Saved [loss, wa, cer] curves at exp/xlit_train_attention_char_ben_mni/images
2025-05-12 20:30:08,377 (xlit_task:190)  INFO: Epoch 34/50
2025-05-12 20:35:04,137 (xlit_task:200)  INFO: Train Loss: 0.0021
2025-05-12 20:35:35,961 (xlit_task:227)  INFO: Saved best word accuracy predictions at epoch 34.
2025-05-12 20:35:35,962 (xlit_task:238)  INFO: Val Loss: 0.0041, CER: 0.0084, Word Accuracy: 0.9500
2025-05-12 20:35:35,964 (xlit_task:249)  INFO: Epoch 34 duration: 327.59 sec | ETA: 01:27:21
2025-05-12 20:35:35,971 (save:32)  INFO: Saved best training loss model at epoch 34.
2025-05-12 20:35:35,977 (save:44)  INFO: Saved best word accuracy model at epoch 34.
2025-05-12 20:35:35,983 (save:48)  INFO: Saved latest model at epoch 34.
2025-05-12 20:35:37,223 (xlit_task:274)  INFO: Saved [loss, wa, cer] curves at exp/xlit_train_attention_char_ben_mni/images
2025-05-12 20:35:37,224 (xlit_task:190)  INFO: Epoch 35/50
2025-05-12 20:40:37,106 (xlit_task:200)  INFO: Train Loss: 0.0021
2025-05-12 20:41:09,133 (xlit_task:238)  INFO: Val Loss: 0.0043, CER: 0.0095, Word Accuracy: 0.9441
2025-05-12 20:41:09,134 (xlit_task:249)  INFO: Epoch 35 duration: 331.91 sec | ETA: 01:22:58
2025-05-12 20:41:09,142 (save:48)  INFO: Saved latest model at epoch 35.
2025-05-12 20:41:10,394 (xlit_task:274)  INFO: Saved [loss, wa, cer] curves at exp/xlit_train_attention_char_ben_mni/images
2025-05-12 20:41:10,395 (xlit_task:190)  INFO: Epoch 36/50
2025-05-12 20:46:06,778 (xlit_task:200)  INFO: Train Loss: 0.0020
2025-05-12 20:46:39,517 (xlit_task:238)  INFO: Val Loss: 0.0042, CER: 0.0087, Word Accuracy: 0.9482
2025-05-12 20:46:39,519 (xlit_task:249)  INFO: Epoch 36 duration: 329.12 sec | ETA: 01:16:47
2025-05-12 20:46:39,528 (save:32)  INFO: Saved best training loss model at epoch 36.
2025-05-12 20:46:39,534 (save:48)  INFO: Saved latest model at epoch 36.
2025-05-12 20:46:41,055 (xlit_task:274)  INFO: Saved [loss, wa, cer] curves at exp/xlit_train_attention_char_ben_mni/images
2025-05-12 20:46:41,056 (xlit_task:190)  INFO: Epoch 37/50
2025-05-12 20:51:39,736 (xlit_task:200)  INFO: Train Loss: 0.0020
2025-05-12 20:52:12,087 (xlit_task:238)  INFO: Val Loss: 0.0042, CER: 0.0088, Word Accuracy: 0.9490
2025-05-12 20:52:12,088 (xlit_task:249)  INFO: Epoch 37 duration: 331.03 sec | ETA: 01:11:43
2025-05-12 20:52:12,097 (save:32)  INFO: Saved best training loss model at epoch 37.
2025-05-12 20:52:12,104 (save:48)  INFO: Saved latest model at epoch 37.
2025-05-12 20:52:13,360 (xlit_task:274)  INFO: Saved [loss, wa, cer] curves at exp/xlit_train_attention_char_ben_mni/images
2025-05-12 20:52:13,362 (xlit_task:190)  INFO: Epoch 38/50
2025-05-12 20:57:12,487 (xlit_task:200)  INFO: Train Loss: 0.0019
2025-05-12 20:57:44,537 (xlit_task:238)  INFO: Val Loss: 0.0040, CER: 0.0085, Word Accuracy: 0.9497
2025-05-12 20:57:44,539 (xlit_task:249)  INFO: Epoch 38 duration: 331.18 sec | ETA: 01:06:14
2025-05-12 20:57:44,547 (save:32)  INFO: Saved best training loss model at epoch 38.
2025-05-12 20:57:44,554 (save:48)  INFO: Saved latest model at epoch 38.
2025-05-12 20:57:45,805 (xlit_task:274)  INFO: Saved [loss, wa, cer] curves at exp/xlit_train_attention_char_ben_mni/images
2025-05-12 20:57:45,806 (xlit_task:190)  INFO: Epoch 39/50
2025-05-12 21:02:41,185 (xlit_task:200)  INFO: Train Loss: 0.0020
2025-05-12 21:03:13,880 (xlit_task:238)  INFO: Val Loss: 0.0040, CER: 0.0086, Word Accuracy: 0.9489
2025-05-12 21:03:13,881 (xlit_task:249)  INFO: Epoch 39 duration: 328.08 sec | ETA: 01:00:08
2025-05-12 21:03:13,889 (save:48)  INFO: Saved latest model at epoch 39.
2025-05-12 21:03:15,233 (xlit_task:274)  INFO: Saved [loss, wa, cer] curves at exp/xlit_train_attention_char_ben_mni/images
2025-05-12 21:03:15,234 (xlit_task:190)  INFO: Epoch 40/50
2025-05-12 21:08:08,554 (xlit_task:200)  INFO: Train Loss: 0.0019
2025-05-12 21:08:37,510 (xlit_task:238)  INFO: Val Loss: 0.0043, CER: 0.0089, Word Accuracy: 0.9492
2025-05-12 21:08:37,512 (xlit_task:249)  INFO: Epoch 40 duration: 322.28 sec | ETA: 00:53:42
2025-05-12 21:08:37,520 (save:32)  INFO: Saved best training loss model at epoch 40.
2025-05-12 21:08:37,527 (save:48)  INFO: Saved latest model at epoch 40.
2025-05-12 21:08:39,026 (xlit_task:274)  INFO: Saved [loss, wa, cer] curves at exp/xlit_train_attention_char_ben_mni/images
2025-05-12 21:08:39,028 (xlit_task:190)  INFO: Epoch 41/50
2025-05-12 21:13:23,001 (xlit_task:200)  INFO: Train Loss: 0.0019
2025-05-12 21:13:52,296 (xlit_task:238)  INFO: Val Loss: 0.0046, CER: 0.0089, Word Accuracy: 0.9473
2025-05-12 21:13:52,297 (xlit_task:249)  INFO: Epoch 41 duration: 313.27 sec | ETA: 00:46:59
2025-05-12 21:13:52,305 (save:32)  INFO: Saved best training loss model at epoch 41.
2025-05-12 21:13:52,312 (save:48)  INFO: Saved latest model at epoch 41.
2025-05-12 21:13:53,527 (xlit_task:274)  INFO: Saved [loss, wa, cer] curves at exp/xlit_train_attention_char_ben_mni/images
2025-05-12 21:13:53,528 (xlit_task:190)  INFO: Epoch 42/50
2025-05-12 21:18:36,835 (xlit_task:200)  INFO: Train Loss: 0.0020
2025-05-12 21:19:06,126 (xlit_task:238)  INFO: Val Loss: 0.0043, CER: 0.0093, Word Accuracy: 0.9450
2025-05-12 21:19:06,128 (xlit_task:249)  INFO: Epoch 42 duration: 312.60 sec | ETA: 00:41:40
2025-05-12 21:19:06,135 (save:48)  INFO: Saved latest model at epoch 42.
2025-05-12 21:19:07,234 (xlit_task:274)  INFO: Saved [loss, wa, cer] curves at exp/xlit_train_attention_char_ben_mni/images
2025-05-12 21:19:07,235 (xlit_task:190)  INFO: Epoch 43/50
2025-05-12 21:23:57,508 (xlit_task:200)  INFO: Train Loss: 0.0018
2025-05-12 21:24:27,650 (xlit_task:227)  INFO: Saved best word accuracy predictions at epoch 43.
2025-05-12 21:24:27,651 (xlit_task:238)  INFO: Val Loss: 0.0041, CER: 0.0086, Word Accuracy: 0.9501
2025-05-12 21:24:27,652 (xlit_task:249)  INFO: Epoch 43 duration: 320.42 sec | ETA: 00:37:22
2025-05-12 21:24:27,660 (save:32)  INFO: Saved best training loss model at epoch 43.
2025-05-12 21:24:27,666 (save:44)  INFO: Saved best word accuracy model at epoch 43.
2025-05-12 21:24:27,673 (save:48)  INFO: Saved latest model at epoch 43.
2025-05-12 21:24:28,776 (xlit_task:274)  INFO: Saved [loss, wa, cer] curves at exp/xlit_train_attention_char_ben_mni/images
2025-05-12 21:24:28,777 (xlit_task:190)  INFO: Epoch 44/50
2025-05-12 21:29:17,924 (xlit_task:200)  INFO: Train Loss: 0.0018
2025-05-12 21:29:47,240 (xlit_task:238)  INFO: Val Loss: 0.0043, CER: 0.0085, Word Accuracy: 0.9500
2025-05-12 21:29:47,241 (xlit_task:249)  INFO: Epoch 44 duration: 318.46 sec | ETA: 00:31:50
2025-05-12 21:29:47,248 (save:32)  INFO: Saved best training loss model at epoch 44.
2025-05-12 21:29:47,255 (save:48)  INFO: Saved latest model at epoch 44.
2025-05-12 21:29:48,399 (xlit_task:274)  INFO: Saved [loss, wa, cer] curves at exp/xlit_train_attention_char_ben_mni/images
2025-05-12 21:29:48,400 (xlit_task:190)  INFO: Epoch 45/50
2025-05-12 21:34:31,212 (xlit_task:200)  INFO: Train Loss: 0.0017
2025-05-12 21:35:00,219 (xlit_task:238)  INFO: Val Loss: 0.0043, CER: 0.0086, Word Accuracy: 0.9493
2025-05-12 21:35:00,221 (xlit_task:249)  INFO: Epoch 45 duration: 311.82 sec | ETA: 00:25:59
2025-05-12 21:35:00,229 (save:32)  INFO: Saved best training loss model at epoch 45.
2025-05-12 21:35:00,236 (save:48)  INFO: Saved latest model at epoch 45.
2025-05-12 21:35:01,397 (xlit_task:274)  INFO: Saved [loss, wa, cer] curves at exp/xlit_train_attention_char_ben_mni/images
2025-05-12 21:35:01,399 (xlit_task:190)  INFO: Epoch 46/50
2025-05-12 21:39:49,150 (xlit_task:200)  INFO: Train Loss: 0.0017
2025-05-12 21:40:18,663 (xlit_task:238)  INFO: Val Loss: 0.0043, CER: 0.0091, Word Accuracy: 0.9473
2025-05-12 21:40:18,665 (xlit_task:249)  INFO: Epoch 46 duration: 317.27 sec | ETA: 00:21:09
2025-05-12 21:40:18,672 (save:32)  INFO: Saved best training loss model at epoch 46.
2025-05-12 21:40:18,679 (save:48)  INFO: Saved latest model at epoch 46.
2025-05-12 21:40:19,846 (xlit_task:274)  INFO: Saved [loss, wa, cer] curves at exp/xlit_train_attention_char_ben_mni/images
2025-05-12 21:40:19,848 (xlit_task:190)  INFO: Epoch 47/50
2025-05-12 21:45:04,091 (xlit_task:200)  INFO: Train Loss: 0.0017
2025-05-12 21:45:33,466 (xlit_task:238)  INFO: Val Loss: 0.0043, CER: 0.0087, Word Accuracy: 0.9482
2025-05-12 21:45:33,468 (xlit_task:249)  INFO: Epoch 47 duration: 313.62 sec | ETA: 00:15:40
2025-05-12 21:45:33,476 (save:32)  INFO: Saved best training loss model at epoch 47.
2025-05-12 21:45:33,482 (save:48)  INFO: Saved latest model at epoch 47.
2025-05-12 21:45:34,643 (xlit_task:274)  INFO: Saved [loss, wa, cer] curves at exp/xlit_train_attention_char_ben_mni/images
2025-05-12 21:45:34,644 (xlit_task:190)  INFO: Epoch 48/50
2025-05-12 21:50:19,758 (xlit_task:200)  INFO: Train Loss: 0.0018
2025-05-12 21:50:49,218 (xlit_task:238)  INFO: Val Loss: 0.0045, CER: 0.0088, Word Accuracy: 0.9482
2025-05-12 21:50:49,220 (xlit_task:249)  INFO: Epoch 48 duration: 314.58 sec | ETA: 00:10:29
2025-05-12 21:50:49,227 (save:48)  INFO: Saved latest model at epoch 48.
2025-05-12 21:50:50,421 (xlit_task:274)  INFO: Saved [loss, wa, cer] curves at exp/xlit_train_attention_char_ben_mni/images
2025-05-12 21:50:50,422 (xlit_task:190)  INFO: Epoch 49/50
2025-05-12 21:55:36,798 (xlit_task:200)  INFO: Train Loss: 0.0017
2025-05-12 21:56:06,210 (xlit_task:238)  INFO: Val Loss: 0.0042, CER: 0.0084, Word Accuracy: 0.9492
2025-05-12 21:56:06,212 (xlit_task:249)  INFO: Epoch 49 duration: 315.79 sec | ETA: 00:05:15
2025-05-12 21:56:06,219 (save:48)  INFO: Saved latest model at epoch 49.
2025-05-12 21:56:07,335 (xlit_task:274)  INFO: Saved [loss, wa, cer] curves at exp/xlit_train_attention_char_ben_mni/images
2025-05-12 21:56:07,337 (xlit_task:190)  INFO: Epoch 50/50
2025-05-12 22:00:50,899 (xlit_task:200)  INFO: Train Loss: 0.0017
2025-05-12 22:01:20,220 (xlit_task:238)  INFO: Val Loss: 0.0043, CER: 0.0089, Word Accuracy: 0.9476
2025-05-12 22:01:20,221 (xlit_task:249)  INFO: Epoch 50 duration: 312.88 sec | ETA: 00:00:00
2025-05-12 22:01:20,228 (save:48)  INFO: Saved latest model at epoch 50.
2025-05-12 22:01:20,241 (save:84)  INFO: Saved averaged model at the end of training.
2025-05-12 22:01:21,376 (xlit_task:274)  INFO: Saved [loss, wa, cer] curves at exp/xlit_train_attention_char_ben_mni/images
2025-05-12 22:01:21,378 (xlit_task:283)  INFO: Training completed in 277:00:19
